mode: set
github.com/SirsiMaster/sirsi-pantheon/internal/scarab/containers.go:34.49,36.2 1 1
github.com/SirsiMaster/sirsi-pantheon/internal/scarab/containers.go:40.72,45.16 3 1
github.com/SirsiMaster/sirsi-pantheon/internal/scarab/containers.go:45.16,47.3 1 1
github.com/SirsiMaster/sirsi-pantheon/internal/scarab/containers.go:48.2,56.12 6 1
github.com/SirsiMaster/sirsi-pantheon/internal/scarab/containers.go:56.12,61.3 4 1
github.com/SirsiMaster/sirsi-pantheon/internal/scarab/containers.go:62.2,62.12 1 1
github.com/SirsiMaster/sirsi-pantheon/internal/scarab/containers.go:62.12,67.3 4 1
github.com/SirsiMaster/sirsi-pantheon/internal/scarab/containers.go:68.2,68.12 1 1
github.com/SirsiMaster/sirsi-pantheon/internal/scarab/containers.go:68.12,73.3 4 1
github.com/SirsiMaster/sirsi-pantheon/internal/scarab/containers.go:74.2,77.18 2 1
github.com/SirsiMaster/sirsi-pantheon/internal/scarab/containers.go:77.18,78.78 1 1
github.com/SirsiMaster/sirsi-pantheon/internal/scarab/containers.go:78.78,80.16 2 1
github.com/SirsiMaster/sirsi-pantheon/internal/scarab/containers.go:80.16,81.13 1 0
github.com/SirsiMaster/sirsi-pantheon/internal/scarab/containers.go:83.4,83.17 1 1
github.com/SirsiMaster/sirsi-pantheon/internal/scarab/containers.go:83.17,85.5 1 1
github.com/SirsiMaster/sirsi-pantheon/internal/scarab/containers.go:85.10,87.5 1 1
github.com/SirsiMaster/sirsi-pantheon/internal/scarab/containers.go:88.4,88.51 1 1
github.com/SirsiMaster/sirsi-pantheon/internal/scarab/containers.go:92.2,92.19 1 1
github.com/SirsiMaster/sirsi-pantheon/internal/scarab/containers.go:92.19,94.3 1 1
github.com/SirsiMaster/sirsi-pantheon/internal/scarab/containers.go:96.2,96.19 1 1
github.com/SirsiMaster/sirsi-pantheon/internal/scarab/containers.go:96.19,98.3 1 1
github.com/SirsiMaster/sirsi-pantheon/internal/scarab/containers.go:100.2,100.19 1 1
github.com/SirsiMaster/sirsi-pantheon/internal/scarab/containers.go:104.49,105.16 1 1
github.com/SirsiMaster/sirsi-pantheon/internal/scarab/containers.go:105.16,107.3 1 1
github.com/SirsiMaster/sirsi-pantheon/internal/scarab/containers.go:108.2,109.20 2 1
github.com/SirsiMaster/sirsi-pantheon/internal/scarab/containers.go:109.20,111.3 1 1
github.com/SirsiMaster/sirsi-pantheon/internal/scarab/containers.go:112.2,119.21 2 1
github.com/SirsiMaster/sirsi-pantheon/internal/scarab/containers.go:119.21,121.3 1 1
github.com/SirsiMaster/sirsi-pantheon/internal/scarab/containers.go:122.2,122.10 1 1
github.com/SirsiMaster/sirsi-pantheon/internal/scarab/containers.go:126.39,127.13 1 1
github.com/SirsiMaster/sirsi-pantheon/internal/scarab/containers.go:127.13,129.3 1 1
github.com/SirsiMaster/sirsi-pantheon/internal/scarab/containers.go:130.2,131.46 2 1
github.com/SirsiMaster/sirsi-pantheon/internal/scarab/containers.go:131.46,132.36 1 1
github.com/SirsiMaster/sirsi-pantheon/internal/scarab/containers.go:132.36,134.4 1 1
github.com/SirsiMaster/sirsi-pantheon/internal/scarab/containers.go:136.2,136.14 1 1
github.com/SirsiMaster/sirsi-pantheon/internal/scarab/containers.go:140.48,141.15 1 1
github.com/SirsiMaster/sirsi-pantheon/internal/scarab/containers.go:141.15,143.3 1 1
github.com/SirsiMaster/sirsi-pantheon/internal/scarab/containers.go:144.2,144.41 1 1
github.com/SirsiMaster/sirsi-pantheon/internal/scarab/discovery.go:22.44,24.23 2 1
github.com/SirsiMaster/sirsi-pantheon/internal/scarab/discovery.go:25.17,26.35 1 1
github.com/SirsiMaster/sirsi-pantheon/internal/scarab/discovery.go:27.16,28.35 1 0
github.com/SirsiMaster/sirsi-pantheon/internal/scarab/discovery.go:29.11,30.44 1 0
github.com/SirsiMaster/sirsi-pantheon/internal/scarab/discovery.go:32.3,32.22 1 1
github.com/SirsiMaster/sirsi-pantheon/internal/scarab/discovery.go:56.43,62.16 4 1
github.com/SirsiMaster/sirsi-pantheon/internal/scarab/discovery.go:62.16,64.3 1 1
github.com/SirsiMaster/sirsi-pantheon/internal/scarab/discovery.go:65.2,75.29 5 1
github.com/SirsiMaster/sirsi-pantheon/internal/scarab/discovery.go:75.29,77.3 1 1
github.com/SirsiMaster/sirsi-pantheon/internal/scarab/discovery.go:78.2,78.30 1 1
github.com/SirsiMaster/sirsi-pantheon/internal/scarab/discovery.go:78.30,79.40 1 1
github.com/SirsiMaster/sirsi-pantheon/internal/scarab/discovery.go:79.40,81.4 1 1
github.com/SirsiMaster/sirsi-pantheon/internal/scarab/discovery.go:81.9,83.4 1 1
github.com/SirsiMaster/sirsi-pantheon/internal/scarab/discovery.go:86.2,86.28 1 1
github.com/SirsiMaster/sirsi-pantheon/internal/scarab/discovery.go:86.28,87.14 1 1
github.com/SirsiMaster/sirsi-pantheon/internal/scarab/discovery.go:87.14,89.4 1 1
github.com/SirsiMaster/sirsi-pantheon/internal/scarab/discovery.go:90.3,90.42 1 1
github.com/SirsiMaster/sirsi-pantheon/internal/scarab/discovery.go:93.2,94.20 2 1
github.com/SirsiMaster/sirsi-pantheon/internal/scarab/discovery.go:98.39,100.2 1 1
github.com/SirsiMaster/sirsi-pantheon/internal/scarab/discovery.go:102.46,104.16 2 1
github.com/SirsiMaster/sirsi-pantheon/internal/scarab/discovery.go:104.16,106.3 1 0
github.com/SirsiMaster/sirsi-pantheon/internal/scarab/discovery.go:108.2,108.31 1 1
github.com/SirsiMaster/sirsi-pantheon/internal/scarab/discovery.go:108.31,109.71 1 1
github.com/SirsiMaster/sirsi-pantheon/internal/scarab/discovery.go:109.71,110.12 1 1
github.com/SirsiMaster/sirsi-pantheon/internal/scarab/discovery.go:112.3,113.17 2 1
github.com/SirsiMaster/sirsi-pantheon/internal/scarab/discovery.go:113.17,114.12 1 0
github.com/SirsiMaster/sirsi-pantheon/internal/scarab/discovery.go:116.3,116.30 1 1
github.com/SirsiMaster/sirsi-pantheon/internal/scarab/discovery.go:116.30,117.42 1 1
github.com/SirsiMaster/sirsi-pantheon/internal/scarab/discovery.go:117.42,118.56 1 1
github.com/SirsiMaster/sirsi-pantheon/internal/scarab/discovery.go:118.56,122.6 3 1
github.com/SirsiMaster/sirsi-pantheon/internal/scarab/discovery.go:126.2,126.60 1 0
github.com/SirsiMaster/sirsi-pantheon/internal/scarab/discovery.go:130.29,132.2 1 1
github.com/SirsiMaster/sirsi-pantheon/internal/scarab/discovery.go:134.36,138.16 3 1
github.com/SirsiMaster/sirsi-pantheon/internal/scarab/discovery.go:138.16,140.3 1 1
github.com/SirsiMaster/sirsi-pantheon/internal/scarab/discovery.go:142.2,142.56 1 1
github.com/SirsiMaster/sirsi-pantheon/internal/scarab/discovery.go:142.56,144.15 2 1
github.com/SirsiMaster/sirsi-pantheon/internal/scarab/discovery.go:144.15,146.4 1 1
github.com/SirsiMaster/sirsi-pantheon/internal/scarab/discovery.go:148.2,148.14 1 1
github.com/SirsiMaster/sirsi-pantheon/internal/scarab/discovery.go:152.38,154.2 1 1
github.com/SirsiMaster/sirsi-pantheon/internal/scarab/discovery.go:156.47,158.16 2 1
github.com/SirsiMaster/sirsi-pantheon/internal/scarab/discovery.go:158.16,160.3 1 1
github.com/SirsiMaster/sirsi-pantheon/internal/scarab/discovery.go:164.2,165.21 2 1
github.com/SirsiMaster/sirsi-pantheon/internal/scarab/discovery.go:165.21,167.3 1 1
github.com/SirsiMaster/sirsi-pantheon/internal/scarab/discovery.go:169.2,171.22 2 1
github.com/SirsiMaster/sirsi-pantheon/internal/scarab/discovery.go:171.22,173.28 1 1
github.com/SirsiMaster/sirsi-pantheon/internal/scarab/discovery.go:173.28,174.62 1 1
github.com/SirsiMaster/sirsi-pantheon/internal/scarab/discovery.go:174.62,176.10 2 1
github.com/SirsiMaster/sirsi-pantheon/internal/scarab/discovery.go:180.3,180.43 1 1
github.com/SirsiMaster/sirsi-pantheon/internal/scarab/discovery.go:180.43,182.4 1 1
github.com/SirsiMaster/sirsi-pantheon/internal/scarab/discovery.go:183.8,187.22 2 1
github.com/SirsiMaster/sirsi-pantheon/internal/scarab/discovery.go:187.22,189.4 1 1
github.com/SirsiMaster/sirsi-pantheon/internal/scarab/discovery.go:192.2,192.32 1 1
github.com/SirsiMaster/sirsi-pantheon/internal/scarab/discovery.go:192.32,194.3 1 0
github.com/SirsiMaster/sirsi-pantheon/internal/scarab/discovery.go:195.2,195.52 1 1
github.com/SirsiMaster/sirsi-pantheon/internal/scarab/discovery.go:195.52,197.3 1 1
github.com/SirsiMaster/sirsi-pantheon/internal/scarab/discovery.go:199.2,203.3 1 1
github.com/SirsiMaster/sirsi-pantheon/internal/scarab/discovery.go:207.38,209.2 1 1
github.com/SirsiMaster/sirsi-pantheon/internal/scarab/discovery.go:211.45,213.16 2 1
github.com/SirsiMaster/sirsi-pantheon/internal/scarab/discovery.go:213.16,215.3 1 1
github.com/SirsiMaster/sirsi-pantheon/internal/scarab/discovery.go:217.2,224.81 5 1
github.com/SirsiMaster/sirsi-pantheon/internal/scarab/discovery.go:224.81,226.34 2 1
github.com/SirsiMaster/sirsi-pantheon/internal/scarab/discovery.go:226.34,227.12 1 1
github.com/SirsiMaster/sirsi-pantheon/internal/scarab/discovery.go:230.3,232.21 3 1
github.com/SirsiMaster/sirsi-pantheon/internal/scarab/discovery.go:232.21,234.17 2 1
github.com/SirsiMaster/sirsi-pantheon/internal/scarab/discovery.go:234.17,234.26 1 1
github.com/SirsiMaster/sirsi-pantheon/internal/scarab/discovery.go:236.4,236.21 1 1
github.com/SirsiMaster/sirsi-pantheon/internal/scarab/discovery.go:236.21,243.5 3 1
github.com/SirsiMaster/sirsi-pantheon/internal/scarab/discovery.go:247.2,248.14 2 1
github.com/SirsiMaster/sirsi-pantheon/internal/scarab/discovery.go:252.31,254.2 1 1
github.com/SirsiMaster/sirsi-pantheon/internal/scarab/discovery.go:256.38,258.22 2 1
github.com/SirsiMaster/sirsi-pantheon/internal/scarab/discovery.go:259.16,260.57 1 1
github.com/SirsiMaster/sirsi-pantheon/internal/scarab/discovery.go:261.15,262.55 1 0
github.com/SirsiMaster/sirsi-pantheon/internal/scarab/discovery.go:263.10,264.15 1 0
github.com/SirsiMaster/sirsi-pantheon/internal/scarab/discovery.go:266.2,266.25 1 1
github.com/SirsiMaster/sirsi-pantheon/internal/scarab/discovery.go:270.29,271.36 1 1
github.com/SirsiMaster/sirsi-pantheon/internal/scarab/discovery.go:271.36,273.16 2 1
github.com/SirsiMaster/sirsi-pantheon/internal/scarab/discovery.go:273.16,274.9 1 1
github.com/SirsiMaster/sirsi-pantheon/internal/scarab/discovery.go:279.31,281.2 1 1
github.com/SirsiMaster/sirsi-pantheon/internal/ka/scanner.go:147.28,163.2 3 1
github.com/SirsiMaster/sirsi-pantheon/internal/ka/scanner.go:166.58,171.16 4 1
github.com/SirsiMaster/sirsi-pantheon/internal/ka/scanner.go:171.16,173.3 1 1
github.com/SirsiMaster/sirsi-pantheon/internal/ka/scanner.go:175.2,175.47 1 1
github.com/SirsiMaster/sirsi-pantheon/internal/ka/scanner.go:180.59,186.51 4 1
github.com/SirsiMaster/sirsi-pantheon/internal/ka/scanner.go:186.51,188.3 1 0
github.com/SirsiMaster/sirsi-pantheon/internal/ka/scanner.go:189.2,196.26 4 1
github.com/SirsiMaster/sirsi-pantheon/internal/ka/scanner.go:196.26,200.3 2 1
github.com/SirsiMaster/sirsi-pantheon/internal/ka/scanner.go:200.8,203.13 2 1
github.com/SirsiMaster/sirsi-pantheon/internal/ka/scanner.go:203.13,208.4 4 1
github.com/SirsiMaster/sirsi-pantheon/internal/ka/scanner.go:209.3,210.9 2 1
github.com/SirsiMaster/sirsi-pantheon/internal/ka/scanner.go:214.2,218.20 4 1
github.com/SirsiMaster/sirsi-pantheon/internal/ka/scanner.go:222.86,226.36 3 1
github.com/SirsiMaster/sirsi-pantheon/internal/ka/scanner.go:226.36,228.17 2 1
github.com/SirsiMaster/sirsi-pantheon/internal/ka/scanner.go:228.17,229.12 1 1
github.com/SirsiMaster/sirsi-pantheon/internal/ka/scanner.go:231.3,232.17 2 1
github.com/SirsiMaster/sirsi-pantheon/internal/ka/scanner.go:235.2,235.38 1 1
github.com/SirsiMaster/sirsi-pantheon/internal/ka/scanner.go:239.50,240.32 1 1
github.com/SirsiMaster/sirsi-pantheon/internal/ka/scanner.go:240.32,242.17 2 1
github.com/SirsiMaster/sirsi-pantheon/internal/ka/scanner.go:242.17,243.12 1 1
github.com/SirsiMaster/sirsi-pantheon/internal/ka/scanner.go:246.3,246.33 1 1
github.com/SirsiMaster/sirsi-pantheon/internal/ka/scanner.go:246.33,247.48 1 1
github.com/SirsiMaster/sirsi-pantheon/internal/ka/scanner.go:247.48,248.13 1 1
github.com/SirsiMaster/sirsi-pantheon/internal/ka/scanner.go:251.4,257.18 5 1
github.com/SirsiMaster/sirsi-pantheon/internal/ka/scanner.go:257.18,258.13 1 0
github.com/SirsiMaster/sirsi-pantheon/internal/ka/scanner.go:260.4,260.22 1 1
github.com/SirsiMaster/sirsi-pantheon/internal/ka/scanner.go:260.22,263.5 2 1
github.com/SirsiMaster/sirsi-pantheon/internal/ka/scanner.go:268.2,268.17 1 1
github.com/SirsiMaster/sirsi-pantheon/internal/ka/scanner.go:268.17,270.3 1 1
github.com/SirsiMaster/sirsi-pantheon/internal/ka/scanner.go:272.2,272.12 1 1
github.com/SirsiMaster/sirsi-pantheon/internal/ka/scanner.go:276.74,280.17 3 1
github.com/SirsiMaster/sirsi-pantheon/internal/ka/scanner.go:280.17,282.3 1 1
github.com/SirsiMaster/sirsi-pantheon/internal/ka/scanner.go:284.2,284.32 1 1
github.com/SirsiMaster/sirsi-pantheon/internal/ka/scanner.go:284.32,287.17 3 1
github.com/SirsiMaster/sirsi-pantheon/internal/ka/scanner.go:287.17,288.12 1 1
github.com/SirsiMaster/sirsi-pantheon/internal/ka/scanner.go:291.3,291.33 1 1
github.com/SirsiMaster/sirsi-pantheon/internal/ka/scanner.go:291.33,295.22 3 1
github.com/SirsiMaster/sirsi-pantheon/internal/ka/scanner.go:295.22,296.13 1 0
github.com/SirsiMaster/sirsi-pantheon/internal/ka/scanner.go:300.4,300.34 1 1
github.com/SirsiMaster/sirsi-pantheon/internal/ka/scanner.go:300.34,301.13 1 0
github.com/SirsiMaster/sirsi-pantheon/internal/ka/scanner.go:305.4,305.37 1 1
github.com/SirsiMaster/sirsi-pantheon/internal/ka/scanner.go:305.37,306.13 1 1
github.com/SirsiMaster/sirsi-pantheon/internal/ka/scanner.go:309.4,314.18 5 1
github.com/SirsiMaster/sirsi-pantheon/internal/ka/scanner.go:314.18,315.13 1 0
github.com/SirsiMaster/sirsi-pantheon/internal/ka/scanner.go:317.4,317.20 1 1
github.com/SirsiMaster/sirsi-pantheon/internal/ka/scanner.go:317.20,318.26 1 1
github.com/SirsiMaster/sirsi-pantheon/internal/ka/scanner.go:318.26,321.6 1 1
github.com/SirsiMaster/sirsi-pantheon/internal/ka/scanner.go:321.11,324.6 1 0
github.com/SirsiMaster/sirsi-pantheon/internal/ka/scanner.go:325.10,327.5 1 1
github.com/SirsiMaster/sirsi-pantheon/internal/ka/scanner.go:329.4,329.17 1 1
github.com/SirsiMaster/sirsi-pantheon/internal/ka/scanner.go:329.17,330.13 1 0
github.com/SirsiMaster/sirsi-pantheon/internal/ka/scanner.go:333.4,342.59 2 1
github.com/SirsiMaster/sirsi-pantheon/internal/ka/scanner.go:346.2,346.16 1 1
github.com/SirsiMaster/sirsi-pantheon/internal/ka/scanner.go:350.56,356.16 5 1
github.com/SirsiMaster/sirsi-pantheon/internal/ka/scanner.go:356.16,358.3 1 0
github.com/SirsiMaster/sirsi-pantheon/internal/ka/scanner.go:360.2,364.21 4 1
github.com/SirsiMaster/sirsi-pantheon/internal/ka/scanner.go:364.21,367.44 2 1
github.com/SirsiMaster/sirsi-pantheon/internal/ka/scanner.go:367.44,369.4 1 1
github.com/SirsiMaster/sirsi-pantheon/internal/ka/scanner.go:370.3,370.39 1 1
github.com/SirsiMaster/sirsi-pantheon/internal/ka/scanner.go:370.39,372.4 1 1
github.com/SirsiMaster/sirsi-pantheon/internal/ka/scanner.go:375.3,375.47 1 1
github.com/SirsiMaster/sirsi-pantheon/internal/ka/scanner.go:375.47,376.46 1 1
github.com/SirsiMaster/sirsi-pantheon/internal/ka/scanner.go:376.46,377.59 1 1
github.com/SirsiMaster/sirsi-pantheon/internal/ka/scanner.go:377.59,379.41 1 1
github.com/SirsiMaster/sirsi-pantheon/internal/ka/scanner.go:379.41,381.7 1 1
github.com/SirsiMaster/sirsi-pantheon/internal/ka/scanner.go:384.4,385.20 2 1
github.com/SirsiMaster/sirsi-pantheon/internal/ka/scanner.go:389.2,389.15 1 1
github.com/SirsiMaster/sirsi-pantheon/internal/ka/scanner.go:393.97,398.43 3 1
github.com/SirsiMaster/sirsi-pantheon/internal/ka/scanner.go:398.43,407.31 2 1
github.com/SirsiMaster/sirsi-pantheon/internal/ka/scanner.go:407.31,410.4 2 1
github.com/SirsiMaster/sirsi-pantheon/internal/ka/scanner.go:412.3,413.24 2 1
github.com/SirsiMaster/sirsi-pantheon/internal/ka/scanner.go:417.2,417.33 1 1
github.com/SirsiMaster/sirsi-pantheon/internal/ka/scanner.go:417.33,418.21 1 1
github.com/SirsiMaster/sirsi-pantheon/internal/ka/scanner.go:418.21,419.12 1 1
github.com/SirsiMaster/sirsi-pantheon/internal/ka/scanner.go:421.3,426.5 1 1
github.com/SirsiMaster/sirsi-pantheon/internal/ka/scanner.go:429.2,429.15 1 1
github.com/SirsiMaster/sirsi-pantheon/internal/ka/scanner.go:433.63,435.31 1 1
github.com/SirsiMaster/sirsi-pantheon/internal/ka/scanner.go:435.31,437.3 1 1
github.com/SirsiMaster/sirsi-pantheon/internal/ka/scanner.go:440.2,442.42 2 1
github.com/SirsiMaster/sirsi-pantheon/internal/ka/scanner.go:442.42,443.45 1 1
github.com/SirsiMaster/sirsi-pantheon/internal/ka/scanner.go:443.45,445.4 1 1
github.com/SirsiMaster/sirsi-pantheon/internal/ka/scanner.go:448.2,448.14 1 1
github.com/SirsiMaster/sirsi-pantheon/internal/ka/scanner.go:452.56,455.16 2 1
github.com/SirsiMaster/sirsi-pantheon/internal/ka/scanner.go:455.16,457.3 1 0
github.com/SirsiMaster/sirsi-pantheon/internal/ka/scanner.go:459.2,461.16 3 1
github.com/SirsiMaster/sirsi-pantheon/internal/ka/scanner.go:461.16,464.3 2 1
github.com/SirsiMaster/sirsi-pantheon/internal/ka/scanner.go:466.2,467.21 2 1
github.com/SirsiMaster/sirsi-pantheon/internal/ka/scanner.go:467.21,469.17 2 1
github.com/SirsiMaster/sirsi-pantheon/internal/ka/scanner.go:469.17,472.4 2 1
github.com/SirsiMaster/sirsi-pantheon/internal/ka/scanner.go:475.2,475.14 1 1
github.com/SirsiMaster/sirsi-pantheon/internal/ka/scanner.go:481.45,483.47 1 1
github.com/SirsiMaster/sirsi-pantheon/internal/ka/scanner.go:483.47,485.3 1 1
github.com/SirsiMaster/sirsi-pantheon/internalgithub.com/SirsiMaster/sirsi-pantheon/internal/ka/scanner.go:147.28,163.2 3 1
github.com/SirsiMaster/sirsi-pantheon/internal/ka/scanner.go:166.58,171.16 4 1
github.com/SirsiMaster/sirsi-pantheon/internal/ka/scanner.go:171.16,173.3 1 1
github.com/SirsiMaster/sirsi-pantheon/internal/ka/scanner.go:175.2,175.47 1 1
github.com/SirsiMaster/sirsi-pantheon/internal/ka/scanner.go:180.59,186.51 4 1
github.com/SirsiMaster/sirsi-pantheon/internal/ka/scanner.go:186.51,188.3 1 0
github.com/SirsiMaster/sirsi-pantheon/internal/ka/scanner.go:189.2,196.26 4 1
github.com/SirsiMaster/sirsi-pantheon/internal/ka/scanner.go:196.26,200.3 2 1
github.com/SirsiMaster/sirsi-pantheon/internal/ka/scanner.go:200.8,203.13 2 1
github.com/SirsiMaster/sirsi-pantheon/internal/ka/scanner.go:203.13,208.4 4 1
github.com/SirsiMaster/sirsi-pantheon/internal/ka/scanner.go:209.3,210.9 2 1
github.com/SirsiMaster/sirsi-pantheon/internal/ka/scanner.go:214.2,218.20 4 1
github.com/SirsiMaster/sirsi-pantheon/internal/ka/scanner.go:222.86,226.36 3 1
github.com/SirsiMaster/sirsi-pantheon/internal/ka/scanner.go:226.36,228.17 2 1
github.com/SirsiMaster/sirsi-pantheon/internal/ka/scanner.go:228.17,229.12 1 1
github.com/SirsiMaster/sirsi-pantheon/internal/ka/scanner.go:231.3,232.17 2 1
github.com/SirsiMaster/sirsi-pantheon/internal/ka/scanner.go:235.2,235.38 1 1
github.com/SirsiMaster/sirsi-pantheon/internal/ka/scanner.go:239.50,240.32 1 1
github.com/SirsiMaster/sirsi-pantheon/internal/ka/scanner.go:240.32,242.17 2 1
github.com/SirsiMaster/sirsi-pantheon/internal/ka/scanner.go:242.17,243.12 1 1
github.com/SirsiMaster/sirsi-pantheon/internal/ka/scanner.go:246.3,246.33 1 1
github.com/SirsiMaster/sirsi-pantheon/internal/ka/scanner.go:246.33,247.48 1 1
github.com/SirsiMaster/sirsi-pantheon/internal/ka/scanner.go:247.48,248.13 1 1
github.com/SirsiMaster/sirsi-pantheon/internal/ka/scanner.go:251.4,257.18 5 1
github.com/SirsiMaster/sirsi-pantheon/internal/ka/scanner.go:257.18,258.13 1 0
github.com/SirsiMaster/sirsi-pantheon/internal/ka/scanner.go:260.4,260.22 1 1
github.com/SirsiMaster/sirsi-pantheon/internal/ka/scanner.go:260.22,263.5 2 1
github.com/SirsiMaster/sirsi-pantheon/internal/ka/scanner.go:268.2,268.17 1 1
github.com/SirsiMaster/sirsi-pantheon/internal/ka/scanner.go:268.17,270.3 1 1
github.com/SirsiMaster/sirsi-pantheon/internal/ka/scanner.go:272.2,272.12 1 1
github.com/SirsiMaster/sirsi-pantheon/internal/ka/scanner.go:276.74,280.17 3 1
github.com/SirsiMaster/sirsi-pantheon/internal/ka/scanner.go:280.17,282.3 1 1
github.com/SirsiMaster/sirsi-pantheon/internal/ka/scanner.go:284.2,284.32 1 1
github.com/SirsiMaster/sirsi-pantheon/internal/ka/scanner.go:284.32,287.17 3 1
github.com/SirsiMaster/sirsi-pantheon/internal/ka/scanner.go:287.17,288.12 1 1
github.com/SirsiMaster/sirsi-pantheon/internal/ka/scanner.go:291.3,291.33 1 1
github.com/SirsiMaster/sirsi-pantheon/internal/ka/scanner.go:291.33,295.22 3 1
github.com/SirsiMaster/sirsi-pantheon/internal/ka/scanner.go:295.22,296.13 1 0
github.com/SirsiMaster/sirsi-pantheon/internal/ka/scanner.go:300.4,300.34 1 1
github.com/SirsiMaster/sirsi-pantheon/internal/ka/scanner.go:300.34,301.13 1 0
github.com/SirsiMaster/sirsi-pantheon/internal/ka/scanner.go:305.4,305.37 1 1
github.com/SirsiMaster/sirsi-pantheon/internal/ka/scanner.go:305.37,306.13 1 1
github.com/SirsiMaster/sirsi-pantheon/internal/ka/scanner.go:309.4,314.18 5 1
github.com/SirsiMaster/sirsi-pantheon/internal/ka/scanner.go:314.18,315.13 1 0
github.com/SirsiMaster/sirsi-pantheon/internal/ka/scanner.go:317.4,317.20 1 1
github.com/SirsiMaster/sirsi-pantheon/internal/ka/scanner.go:317.20,318.26 1 1
github.com/SirsiMaster/sirsi-pantheon/internal/ka/scanner.go:318.26,321.6 1 1
github.com/SirsiMaster/sirsi-pantheon/internal/ka/scanner.go:321.11,324.6 1 0
github.com/SirsiMaster/sirsi-pantheon/internal/ka/scanner.go:325.10,327.5 1 1
github.com/SirsiMaster/sirsi-pantheon/internal/ka/scanner.go:329.4,329.17 1 1
github.com/SirsiMaster/sirsi-pantheon/internal/ka/scanner.go:329.17,330.13 1 0
github.com/SirsiMaster/sirsi-pantheon/internal/ka/scanner.go:333.4,342.59 2 1
github.com/SirsiMaster/sirsi-pantheon/internal/ka/scanner.go:346.2,346.16 1 1
github.com/SirsiMaster/sirsi-pantheon/internal/ka/scanner.go:350.56,356.16 5 1
github.com/SirsiMaster/sirsi-pantheon/internal/ka/scanner.go:356.16,358.3 1 0
github.com/SirsiMaster/sirsi-pantheon/internal/ka/scanner.go:360.2,364.21 4 1
github.com/SirsiMaster/sirsi-pantheon/internal/ka/scanner.go:364.21,367.44 2 1
github.com/SirsiMaster/sirsi-pantheon/internal/ka/scanner.go:367.44,369.4 1 1
github.com/SirsiMaster/sirsi-pantheon/internal/ka/scanner.go:370.3,370.39 1 1
github.com/SirsiMaster/sirsi-pantheon/internal/ka/scanner.go:370.39,372.4 1 1
github.com/SirsiMaster/sirsi-pantheon/internal/ka/scanner.go:375.3,375.47 1 1
github.com/SirsiMaster/sirsi-pantheon/internal/ka/scanner.go:375.47,376.46 1 1
github.com/SirsiMaster/sirsi-pantheon/internal/ka/scanner.go:376.46,377.59 1 1
github.com/SirsiMaster/sirsi-pantheon/internal/ka/scanner.go:377.59,379.41 1 1
github.com/SirsiMaster/sirsi-pantheon/internal/ka/scanner.go:379.41,381.7 1 1
github.com/SirsiMaster/sirsi-pantheon/internal/ka/scanner.go:384.4,385.20 2 1
github.com/SirsiMaster/sirsi-pantheon/internal/ka/scanner.go:389.2,389.15 1 1
github.com/SirsiMaster/sirsi-pantheon/internal/ka/scanner.go:393.97,398.43 3 1
github.com/SirsiMaster/sirsi-pantheon/internal/ka/scanner.go:398.43,407.31 2 1
github.com/SirsiMaster/sirsi-pantheon/internal/ka/scanner.go:407.31,410.4 2 1
github.com/SirsiMaster/sirsi-pantheon/internal/ka/scanner.go:412.3,413.24 2 1
github.com/SirsiMaster/sirsi-pantheon/internal/ka/scanner.go:417.2,417.33 1 1
github.com/SirsiMaster/sirsi-pantheon/internal/ka/scanner.go:417.33,418.21 1 1
github.com/SirsiMaster/sirsi-pantheon/internal/ka/scanner.go:418.21,419.12 1 1
github.com/SirsiMaster/sirsi-pantheon/internal/ka/scanner.go:421.3,426.5 1 1
github.com/SirsiMaster/sirsi-pantheon/internal/ka/scanner.go:429.2,429.15 1 1
github.com/SirsiMaster/sirsi-pantheon/internal/ka/scanner.go:433.63,435.31 1 1
github.com/SirsiMaster/sirsi-pantheon/internal/ka/scanner.go:435.31,437.3 1 1
github.com/SirsiMaster/sirsi-pantheon/internal/ka/scanner.go:440.2,442.42 2 1
github.com/SirsiMaster/sirsi-pantheon/internal/ka/scanner.go:442.42,443.45 1 1
github.com/SirsiMaster/sirsi-pantheon/internal/ka/scanner.go:443.45,445.4 1 1
github.com/SirsiMaster/sirsi-pantheon/internal/ka/scanner.go:448.2,448.14 1 1
github.com/SirsiMaster/sirsi-pantheon/internal/ka/scanner.go:452.56,455.16 2 1
github.com/SirsiMaster/sirsi-pantheon/internal/ka/scanner.go:455.16,457.3 1 0
github.com/SirsiMaster/sirsi-pantheon/internal/ka/scanner.go:459.2,461.16 3 1
github.com/SirsiMaster/sirsi-pantheon/internal/ka/scanner.go:461.16,464.3 2 1
github.com/SirsiMaster/sirsi-pantheon/internal/ka/scanner.go:466.2,467.21 2 1
github.com/SirsiMaster/sirsi-pantheon/internal/ka/scanner.go:467.21,469.17 2 1
github.com/SirsiMaster/sirsi-pantheon/internal/ka/scanner.go:469.17,472.4 2 1
github.com/SirsiMaster/sirsi-pantheon/internal/ka/scanner.go:475.2,475.14 1 1
github.com/SirsiMaster/sirsi-pantheon/internal/ka/scanner.go:481.45,483.47 1 1
github.com/SirsiMaster/sirsi-pantheon/internal/ka/scanner.go:483.47,485.3 1 1
github.com/SirsiMaster/sirsi-pantheon/internal/ka/scanner.go:489.2,496.40 2 1
github.com/SirsiMaster/sirsi-pantheon/internal/ka/scanner.go:496.40,497.42 1 1
github.com/SirsiMaster/sirsi-pantheon/internal/ka/scanner.go:497.42,499.4 1 1
github.com/SirsiMaster/sirsi-pantheon/internal/ka/scanner.go:502.2,502.14 1 1
github.com/SirsiMaster/sirsi-pantheon/internal/ka/scanner.go:510.42,516.34 3 1
github.com/SirsiMaster/sirsi-pantheon/internal/ka/scanner.go:516.34,518.3 1 1
github.com/SirsiMaster/sirsi-pantheon/internal/ka/scanner.go:521.2,525.20 3 1
github.com/SirsiMaster/sirsi-pantheon/internal/ka/scanner.go:525.20,527.3 1 0
github.com/SirsiMaster/sirsi-pantheon/internal/ka/scanner.go:530.2,531.39 2 1
github.com/SirsiMaster/sirsi-pantheon/internal/ka/scanner.go:531.39,532.25 1 1
github.com/SirsiMaster/sirsi-pantheon/internal/ka/scanner.go:532.25,534.4 1 1
github.com/SirsiMaster/sirsi-pantheon/internal/ka/scanner.go:537.2,537.11 1 1
github.com/SirsiMaster/sirsi-pantheon/internal/ka/scanner.go:541.43,543.20 2 1
github.com/SirsiMaster/sirsi-pantheon/internal/ka/scanner.go:543.20,545.3 1 1
github.com/SirsiMaster/sirsi-pantheon/internal/ka/scanner.go:548.2,554.19 3 1
github.com/SirsiMaster/sirsi-pantheon/internal/ka/scanner.go:554.19,556.3 1 1
github.com/SirsiMaster/sirsi-pantheon/internal/ka/scanner.go:558.2,558.13 1 1
github.com/SirsiMaster/sirsi-pantheon/internal/ka/scanner.go:563.53,564.35 1 1
github.com/SirsiMaster/sirsi-pantheon/internal/ka/scanner.go:564.35,566.3 1 1
github.com/SirsiMaster/sirsi-pantheon/internal/ka/scanner.go:567.2,567.13 1 1
github.com/SirsiMaster/sirsi-pantheon/internal/ka/scanner.go:571.47,574.75 3 1
github.com/SirsiMaster/sirsi-pantheon/internal/ka/scanner.go:574.75,575.17 1 1
github.com/SirsiMaster/sirsi-pantheon/internal/ka/scanner.go:575.17,577.4 1 1
github.com/SirsiMaster/sirsi-pantheon/internal/ka/scanner.go:578.3,578.17 1 1
github.com/SirsiMaster/sirsi-pantheon/internal/ka/scanner.go:578.17,580.41 2 1
github.com/SirsiMaster/sirsi-pantheon/internal/ka/scanner.go:580.41,582.5 1 1
github.com/SirsiMaster/sirsi-pantheon/internal/ka/scanner.go:584.3,584.13 1 1
github.com/SirsiMaster/sirsi-pantheon/internal/ka/scanner.go:586.2,586.25 1 1
